<?xml version="1.0" encoding="UTF-8"?>
<testsuite name="HelloWorldTest" tests="1" skipped="0" failures="0" errors="0" timestamp="2019-07-21T13:04:58" hostname="EVTUN050" time="0.014">
  <properties/>
  <testcase name="helloWorldTest" classname="HelloWorldTest" time="0.014"/>
  <system-out><![CDATA[]]></system-out>
  <system-err><![CDATA[]]></system-err>
</testsuite>
